<?xml version="1.0" encoding="UTF-8"?>
<!-- Generated by org.testng.reporters.JUnitReportReporter -->
<testsuite hostname="AVJ" failures="0" tests="15" name="tests.VideoPlayerTest" time="249.756" errors="0" timestamp="2026-01-02T20:15:41 IST" skipped="0">
  <testcase classname="tests.VideoPlayerTest" name="verifyVideoPlayerRedirection" time="104.458"/>
  <testcase classname="tests.VideoPlayerTest" name="verifyVideoPlayerRedirection" time="12.892"/>
  <testcase classname="tests.VideoPlayerTest" name="verifyVideoPlayerRedirection" time="18.646"/>
  <testcase classname="tests.VideoPlayerTest" name="verifyPlayPauseButton" time="11.222"/>
  <testcase classname="tests.VideoPlayerTest" name="verifyPlayPauseButton" time="7.646"/>
  <testcase classname="tests.VideoPlayerTest" name="verifyPlayPauseButton" time="6.983"/>
  <testcase classname="tests.VideoPlayerTest" name="verifyFullScreenMode" time="7.810"/>
  <testcase classname="tests.VideoPlayerTest" name="verifyFullScreenMode" time="6.734"/>
  <testcase classname="tests.VideoPlayerTest" name="verifyFullScreenMode" time="10.656"/>
  <testcase classname="tests.VideoPlayerTest" name="verifyUnMuteButton" time="13.501"/>
  <testcase classname="tests.VideoPlayerTest" name="verifyUnMuteButton" time="11.355"/>
  <testcase classname="tests.VideoPlayerTest" name="verifyUnMuteButton" time="8.791"/>
  <testcase classname="tests.VideoPlayerTest" name="verifyVolumeButton" time="5.492"/>
  <testcase classname="tests.VideoPlayerTest" name="verifyVolumeButton" time="17.027"/>
  <testcase classname="tests.VideoPlayerTest" name="verifyVolumeButton" time="6.543"/>
</testsuite> <!-- tests.VideoPlayerTest -->
