<?xml version="1.0" encoding="UTF-8"?>
<!-- Generated by org.testng.reporters.JUnitReportReporter -->
<testsuite hostname="AVJ" failures="0" tests="45" name="tests.SignupTest" time="607.287" errors="0" timestamp="2026-01-02T20:15:41 IST" skipped="0">
  <testcase classname="tests.SignupTest" name="verifySearchTabRedirection" time="7.047"/>
  <testcase classname="tests.SignupTest" name="verifySearchTabRedirection" time="9.555"/>
  <testcase classname="tests.SignupTest" name="verifySearchTabRedirection" time="7.653"/>
  <testcase classname="tests.SignupTest" name="verifyPopUpLinkRedirection" time="12.219"/>
  <testcase classname="tests.SignupTest" name="verifyPopUpLinkRedirection" time="7.509"/>
  <testcase classname="tests.SignupTest" name="verifyPopUpLinkRedirection" time="6.196"/>
  <testcase classname="tests.SignupTest" name="verifySignUpForm" time="9.812"/>
  <testcase classname="tests.SignupTest" name="verifySignUpForm" time="14.460"/>
  <testcase classname="tests.SignupTest" name="verifySignUpForm" time="14.532"/>
  <testcase classname="tests.SignupTest" name="verifySignUpForm" time="11.267"/>
  <testcase classname="tests.SignupTest" name="verifySignUpForm" time="12.365"/>
  <testcase classname="tests.SignupTest" name="verifySignUpForm" time="18.364"/>
  <testcase classname="tests.SignupTest" name="verifySignUpForm" time="12.611"/>
  <testcase classname="tests.SignupTest" name="verifySignUpForm" time="14.121"/>
  <testcase classname="tests.SignupTest" name="verifySignUpForm" time="12.911"/>
  <testcase classname="tests.SignupTest" name="verifySignUpForm" time="12.362"/>
  <testcase classname="tests.SignupTest" name="verifySignUpForm" time="15.657"/>
  <testcase classname="tests.SignupTest" name="verifySignUpForm" time="14.892"/>
  <testcase classname="tests.SignupTest" name="verifySignUpForm" time="14.092"/>
  <testcase classname="tests.SignupTest" name="verifySignUpForm" time="30.229"/>
  <testcase classname="tests.SignupTest" name="verifySignUpForm" time="12.690"/>
  <testcase classname="tests.SignupTest" name="verifySignUpForm" time="13.334"/>
  <testcase classname="tests.SignupTest" name="verifySignUpForm" time="11.354"/>
  <testcase classname="tests.SignupTest" name="verifySignUpForm" time="29.348"/>
  <testcase classname="tests.SignupTest" name="verifySignUpForm" time="9.995"/>
  <testcase classname="tests.SignupTest" name="verifySignUpForm" time="12.034"/>
  <testcase classname="tests.SignupTest" name="verifySignUpForm" time="16.272"/>
  <testcase classname="tests.SignupTest" name="verifySignUpForm" time="14.328"/>
  <testcase classname="tests.SignupTest" name="verifySignUpForm" time="14.417"/>
  <testcase classname="tests.SignupTest" name="verifySignUpForm" time="14.430"/>
  <testcase classname="tests.SignupTest" name="verifySignUpForm" time="16.696"/>
  <testcase classname="tests.SignupTest" name="verifySignUpForm" time="10.332"/>
  <testcase classname="tests.SignupTest" name="verifySignUpForm" time="11.656"/>
  <testcase classname="tests.SignupTest" name="verifySignUpForm" time="10.733"/>
  <testcase classname="tests.SignupTest" name="verifySignUpForm" time="13.147"/>
  <testcase classname="tests.SignupTest" name="verifySignUpForm" time="12.122"/>
  <testcase classname="tests.SignupTest" name="verifySignUpForm" time="14.003"/>
  <testcase classname="tests.SignupTest" name="verifySignUpForm" time="13.800"/>
  <testcase classname="tests.SignupTest" name="verifySignUpForm" time="9.382"/>
  <testcase classname="tests.SignupTest" name="verifySignUpForm" time="11.759"/>
  <testcase classname="tests.SignupTest" name="verifySignUpForm" time="12.251"/>
  <testcase classname="tests.SignupTest" name="verifySignUpForm" time="12.863"/>
  <testcase classname="tests.SignupTest" name="verifySignUpForm" time="21.886"/>
  <testcase classname="tests.SignupTest" name="verifySignUpForm" time="15.987"/>
  <testcase classname="tests.SignupTest" name="verifySignUpForm" time="14.614"/>
</testsuite> <!-- tests.SignupTest -->
