<?xml version="1.0" encoding="UTF-8"?>
<!-- Generated by org.testng.reporters.JUnitXMLReporter -->
<testsuite ignored="0" hostname="AVJ" failures="0" tests="2" name="Edge Test" time="0.067" errors="0" timestamp="2025-12-14T22:33:46 IST">
  <testcase classname="tests.SocialShareTest" name="verifyArticlesListLinkRedirection" time="0.0">
    <skipped/>
  </testcase> <!-- verifyArticlesListLinkRedirection -->
  <testcase classname="tests.SocialShareTest" name="verifySocialSharePopupIsDisplayed" time="0.0">
    <skipped/>
  </testcase> <!-- verifySocialSharePopupIsDisplayed -->
</testsuite> <!-- Edge Test -->
