<?xml version="1.0" encoding="UTF-8"?>
<!-- Generated by org.testng.reporters.JUnitXMLReporter -->
<testsuite ignored="0" hostname="AVJ" failures="0" tests="2" name="Firefox Test" time="0.07" errors="0" timestamp="2025-12-14T22:33:46 IST">
  <testcase classname="tests.SocialShareTest" name="@BeforeTest setupBrowser" time="-1.765731826036E9">
    <failure type="org.testng.TestNGException" message="
Can inject only one of &amp;lt;ITestContext, XmlTest&amp;gt; into a @BeforeTest annotated setupBrowser.
For more information on native dependency injection please refer to https://testng.org/#_dependency_injection">
      <![CDATA[org.testng.TestNGException: 
Can inject only one of <ITestContext, XmlTest> into a @BeforeTest annotated setupBrowser.
For more information on native dependency injection please refer to https://testng.org/#_dependency_injection
at java.base/java.util.concurrent.FutureTask.run(FutureTask.java:317)
at java.base/java.util.concurrent.ThreadPoolExecutor.runWorker(ThreadPoolExecutor.java:1144)
at java.base/java.util.concurrent.ThreadPoolExecutor$Worker.run(ThreadPoolExecutor.java:642)
at java.base/java.lang.Thread.run(Thread.java:1583)
... Removed 11 stack frames]]>
    </failure>
  </testcase> <!-- @BeforeTest setupBrowser -->
  <testcase classname="tests.SocialShareTest" name="@AfterTest tearDownTest" time="0.0">
    <skipped/>
  </testcase> <!-- @AfterTest tearDownTest -->
  <testcase classname="tests.SocialShareTest" name="verifyArticlesListLinkRedirection" time="0.0">
    <skipped/>
  </testcase> <!-- verifyArticlesListLinkRedirection -->
  <testcase classname="tests.SocialShareTest" name="verifySocialSharePopupIsDisplayed" time="0.0">
    <skipped/>
  </testcase> <!-- verifySocialSharePopupIsDisplayed -->
</testsuite> <!-- Firefox Test -->
