<?xml version="1.0" encoding="UTF-8"?>
<!-- Generated by org.testng.reporters.JUnitXMLReporter -->
<testsuite ignored="20" hostname="AVJ" failures="0" tests="1" name="Default test" time="0.07" errors="0" timestamp="2026-01-02T19:19:20 IST">
  <testcase classname="tests.BaseTest" name="@BeforeMethod setup" time="-1.767361760454E9">
    <failure type="org.testng.TestNGException" message="
Parameter &amp;apos;browser&amp;apos; is required by BeforeMethod on method setup but has not been marked @Optional or defined
in C:\Users\amrit\AppData\Local\Temp\testng-eclipse-283475017\testng-customsuite.xml">
      <![CDATA[org.testng.TestNGException: 
Parameter 'browser' is required by BeforeMethod on method setup but has not been marked @Optional or defined
in C:\Users\amrit\AppData\Local\Temp\testng-eclipse-283475017\testng-customsuite.xml
at org.testng.internal.Parameters.createParams(Parameters.java:264)
at org.testng.internal.Parameters.createParametersForMethod(Parameters.java:352)
at org.testng.internal.Parameters.createParameters(Parameters.java:690)
at org.testng.internal.Parameters.createConfigurationParameters(Parameters.java:163)
at org.testng.internal.invokers.ConfigInvoker.invokeConfigurations(ConfigInvoker.java:313)
at org.testng.internal.invokers.TestInvoker.runConfigMethods(TestInvoker.java:836)
at org.testng.internal.invokers.TestInvoker.invokeMethod(TestInvoker.java:601)
at org.testng.internal.invokers.TestInvoker.invokeTestMethod(TestInvoker.java:230)
at org.testng.internal.invokers.MethodRunner.runInSequence(MethodRunner.java:63)
at org.testng.internal.invokers.TestInvoker$MethodInvocationAgent.invoke(TestInvoker.java:995)
at org.testng.internal.invokers.TestInvoker.invokeTestMethods(TestInvoker.java:203)
at org.testng.internal.invokers.TestMethodWorker.invokeTestMethods(TestMethodWorker.java:154)
at org.testng.internal.invokers.TestMethodWorker.run(TestMethodWorker.java:134)
at java.base/java.util.ArrayList.forEach(ArrayList.java:1596)
at org.testng.TestRunner.privateRun(TestRunner.java:741)
at org.testng.TestRunner.run(TestRunner.java:616)
at org.testng.SuiteRunner.runTest(SuiteRunner.java:421)
at org.testng.SuiteRunner.runSequentially(SuiteRunner.java:413)
at org.testng.SuiteRunner.privateRun(SuiteRunner.java:373)
at org.testng.SuiteRunner.run(SuiteRunner.java:312)
at org.testng.SuiteRunnerWorker.runSuite(SuiteRunnerWorker.java:52)
at org.testng.SuiteRunnerWorker.run(SuiteRunnerWorker.java:95)
at org.testng.TestNG.runSuitesSequentially(TestNG.java:1274)
at org.testng.TestNG.runSuitesLocally(TestNG.java:1208)
at org.testng.TestNG.runSuites(TestNG.java:1112)
at org.testng.TestNG.run(TestNG.java:1079)
at org.testng.remote.AbstractRemoteTestNG.run(AbstractRemoteTestNG.java:115)
at org.testng.remote.RemoteTestNG.initAndRun(RemoteTestNG.java:293)
at org.testng.remote.RemoteTestNG.main(RemoteTestNG.java:91)
]]>
    </failure>
  </testcase> <!-- @BeforeMethod setup -->
  <testcase classname="tests.ProductDetailsTest" name="@BeforeMethod initPage" time="0.0">
    <skipped/>
  </testcase> <!-- @BeforeMethod initPage -->
  <testcase classname="tests.BaseTest" name="@AfterMethod tearDown" time="0.0">
    <skipped/>
  </testcase> <!-- @AfterMethod tearDown -->
  <testcase classname="tests.ProductDetailsTest" name="verifyInvalidCouponCode" time="0.0">
    <skipped/>
  </testcase> <!-- verifyInvalidCouponCode -->
  <testcase classname="tests.ProductDetailsTest" name="verifyEmailIconRedirection" time="0.0">
    <ignored/>
  </testcase> <!-- verifyEmailIconRedirection -->
  <testcase classname="tests.ProductDetailsTest" name="verifyLinkedInIconRedirection" time="0.0">
    <ignored/>
  </testcase> <!-- verifyLinkedInIconRedirection -->
  <testcase classname="tests.ProductDetailsTest" name="verifyBraceletsRedirection" time="0.0">
    <ignored/>
  </testcase> <!-- verifyBraceletsRedirection -->
  <testcase classname="tests.ProductDetailsTest" name="verifyAllItemsLinkRedirection" time="0.0">
    <ignored/>
  </testcase> <!-- verifyAllItemsLinkRedirection -->
  <testcase classname="tests.ProductDetailsTest" name="verifyHandBagRedirection" time="0.0">
    <ignored/>
  </testcase> <!-- verifyHandBagRedirection -->
  <testcase classname="tests.ProductDetailsTest" name="verifyFacebookIconRedirection" time="0.0">
    <ignored/>
  </testcase> <!-- verifyFacebookIconRedirection -->
  <testcase classname="tests.ProductDetailsTest" name="verifyFashionTypeRedirection" time="0.0">
    <ignored/>
  </testcase> <!-- verifyFashionTypeRedirection -->
  <testcase classname="tests.ProductDetailsTest" name="verifySearchButtonRedirection" time="0.0">
    <ignored/>
  </testcase> <!-- verifySearchButtonRedirection -->
  <testcase classname="tests.ProductDetailsTest" name="verifyProductSearchRedirection" time="0.0">
    <ignored/>
  </testcase> <!-- verifyProductSearchRedirection -->
  <testcase classname="tests.ProductDetailsTest" name="verifySignUpForm" time="0.0">
    <ignored/>
  </testcase> <!-- verifySignUpForm -->
  <testcase classname="tests.ProductDetailsTest" name="verifySignUpLinkRedirection" time="0.0">
    <ignored/>
  </testcase> <!-- verifySignUpLinkRedirection -->
  <testcase classname="tests.ProductDetailsTest" name="verifyTwitterIconRedirection" time="0.0">
    <ignored/>
  </testcase> <!-- verifyTwitterIconRedirection -->
  <testcase classname="tests.ProductDetailsTest" name="verifyProductDetailsPageRedirection" time="0.0">
    <ignored/>
  </testcase> <!-- verifyProductDetailsPageRedirection -->
  <testcase classname="tests.ProductDetailsTest" name="verifySignInLinkRedirection" time="0.0">
    <ignored/>
  </testcase> <!-- verifySignInLinkRedirection -->
  <testcase classname="tests.ProductDetailsTest" name="verifyCurrencyDropdownRedirection" time="0.0">
    <ignored/>
  </testcase> <!-- verifyCurrencyDropdownRedirection -->
  <testcase classname="tests.ProductDetailsTest" name="verifyPinterestIconRedirection" time="0.0">
    <ignored/>
  </testcase> <!-- verifyPinterestIconRedirection -->
  <testcase classname="tests.ProductDetailsTest" name="verifyMySpaceIconRedirection" time="0.0">
    <ignored/>
  </testcase> <!-- verifyMySpaceIconRedirection -->
  <testcase classname="tests.ProductDetailsTest" name="verifyDNKRedirection" time="0.0">
    <ignored/>
  </testcase> <!-- verifyDNKRedirection -->
  <testcase classname="tests.ProductDetailsTest" name="verifyWomensPageRedirection" time="0.0">
    <ignored/>
  </testcase> <!-- verifyWomensPageRedirection -->
  <testcase classname="tests.ProductDetailsTest" name="verifyInvalidGiftCard" time="0.0">
    <ignored/>
  </testcase> <!-- verifyInvalidGiftCard -->
</testsuite> <!-- Default test -->
