<?xml version="1.0" encoding="UTF-8"?>
<testng-results ignored="0" total="12" passed="11" failed="1" skipped="0">
  <reporter-output>
  </reporter-output>
  <suite started-at="2025-10-30T10:39:55 IST" name="Suite" finished-at="2025-10-30T10:40:23 IST" duration-ms="28703">
    <groups>
    </groups>
    <test started-at="2025-10-30T10:39:55 IST" name="ChromeTest" finished-at="2025-10-30T10:40:23 IST" duration-ms="28703">
      <class name="cart.Cart">
        <test-method is-config="true" signature="setupBrowser(java.lang.String)[pri:0, instance:cart.Cart@6025e1b6]" started-at="2025-10-30T10:39:55 IST" name="setupBrowser" finished-at="2025-10-30T10:40:02 IST" duration-ms="6884" status="PASS">
          <params>
            <param index="0">
              <value>
                <![CDATA[chrome]]>
              </value>
            </param>
          </params>
          <reporter-output>
          </reporter-output>
        </test-method> <!-- setupBrowser -->
        <test-method signature="login()[pri:1, instance:cart.Cart@6025e1b6]" started-at="2025-10-30T10:40:02 IST" name="login" finished-at="2025-10-30T10:40:05 IST" duration-ms="3082" status="PASS">
          <reporter-output>
          </reporter-output>
        </test-method> <!-- login -->
        <test-method signature="listProducts()[pri:2, instance:cart.Cart@6025e1b6]" started-at="2025-10-30T10:40:05 IST" name="listProducts" finished-at="2025-10-30T10:40:07 IST" duration-ms="2325" status="PASS">
          <reporter-output>
          </reporter-output>
        </test-method> <!-- listProducts -->
        <test-method signature="searchProduct()[pri:3, instance:cart.Cart@6025e1b6]" started-at="2025-10-30T10:40:07 IST" name="searchProduct" finished-at="2025-10-30T10:40:08 IST" duration-ms="707" status="PASS">
          <reporter-output>
          </reporter-output>
        </test-method> <!-- searchProduct -->
        <test-method signature="viewProduct()[pri:4, instance:cart.Cart@6025e1b6]" started-at="2025-10-30T10:40:08 IST" name="viewProduct" finished-at="2025-10-30T10:40:08 IST" duration-ms="637" status="PASS">
          <reporter-output>
          </reporter-output>
        </test-method> <!-- viewProduct -->
        <test-method signature="stockCheck()[pri:5, instance:cart.Cart@6025e1b6]" started-at="2025-10-30T10:40:08 IST" name="stockCheck" finished-at="2025-10-30T10:40:09 IST" duration-ms="469" status="PASS">
          <reporter-output>
          </reporter-output>
        </test-method> <!-- stockCheck -->
        <test-method signature="addToCart()[pri:6, instance:cart.Cart@6025e1b6]" started-at="2025-10-30T10:40:09 IST" name="addToCart" finished-at="2025-10-30T10:40:09 IST" duration-ms="321" status="PASS">
          <reporter-output>
          </reporter-output>
        </test-method> <!-- addToCart -->
        <test-method signature="viewCartDetails()[pri:7, instance:cart.Cart@6025e1b6]" started-at="2025-10-30T10:40:09 IST" name="viewCartDetails" finished-at="2025-10-30T10:40:10 IST" duration-ms="1223" status="PASS">
          <reporter-output>
          </reporter-output>
        </test-method> <!-- viewCartDetails -->
        <test-method signature="validAddCoupon()[pri:8, instance:cart.Cart@6025e1b6]" started-at="2025-10-30T10:40:10 IST" name="validAddCoupon" finished-at="2025-10-30T10:40:11 IST" duration-ms="919" status="PASS">
          <reporter-output>
          </reporter-output>
        </test-method> <!-- validAddCoupon -->
        <test-method signature="removeValidCoupon()[pri:9, instance:cart.Cart@6025e1b6]" started-at="2025-10-30T10:40:11 IST" name="removeValidCoupon" finished-at="2025-10-30T10:40:12 IST" duration-ms="543" status="PASS">
          <reporter-output>
          </reporter-output>
        </test-method> <!-- removeValidCoupon -->
        <test-method signature="invalidCoupon()[pri:10, instance:cart.Cart@6025e1b6]" started-at="2025-10-30T10:40:12 IST" name="invalidCoupon" finished-at="2025-10-30T10:40:12 IST" duration-ms="239" status="PASS">
          <reporter-output>
          </reporter-output>
        </test-method> <!-- invalidCoupon -->
        <test-method signature="placeOrder()[pri:11, instance:cart.Cart@6025e1b6]" started-at="2025-10-30T10:40:12 IST" name="placeOrder" finished-at="2025-10-30T10:40:13 IST" duration-ms="503" status="PASS">
          <reporter-output>
          </reporter-output>
        </test-method> <!-- placeOrder -->
        <test-method signature="calculateAmount()[pri:12, instance:cart.Cart@6025e1b6]" started-at="2025-10-30T10:40:13 IST" name="calculateAmount" finished-at="2025-10-30T10:40:23 IST" depends-on-methods="cart.Cart.validAddCoupon" duration-ms="10314" status="FAIL">
          <exception class="org.openqa.selenium.NoSuchElementException">
            <message>
              <![CDATA[no such element: Unable to locate element: {"method":"xpath","selector":"//button[contains(text(), 'APPLY')]"}
  (Session info: chrome=141.0.7390.123)
For documentation on this error, please visit: https://www.selenium.dev/documentation/webdriver/troubleshooting/errors#nosuchelementexception
Build info: version: '4.36.0', revision: '6d115cfd87'
System info: os.name: 'Windows 11', os.arch: 'amd64', os.version: '10.0', java.version: '21.0.8'
Driver info: org.openqa.selenium.chrome.ChromeDriver
Command: [48454f36bb71fd1b3813d3e5ad8cabc0, findElement {using=xpath, value=//button[contains(text(), 'APPLY')]}]
Capabilities {acceptInsecureCerts: false, browserName: chrome, browserVersion: 141.0.7390.123, chrome: {chromedriverVersion: 141.0.7390.122 (b477534e7e1..., userDataDir: C:\Users\amrit\AppData\Loca...}, fedcm:accounts: true, goog:chromeOptions: {debuggerAddress: localhost:55387}, networkConnectionEnabled: false, pageLoadStrategy: normal, platformName: windows, proxy: Proxy(), se:cdp: ws://localhost:55387/devtoo..., se:cdpVersion: 141.0.7390.123, setWindowRect: true, strictFileInteractability: false, timeouts: {implicit: 0, pageLoad: 300000, script: 30000}, unhandledPromptBehavior: dismiss and notify, webauthn:extension:credBlob: true, webauthn:extension:largeBlob: true, webauthn:extension:minPinLength: true, webauthn:extension:prf: true, webauthn:virtualAuthenticators: true}
Session ID: 48454f36bb71fd1b3813d3e5ad8cabc0]]>
            </message>
            <full-stacktrace>
              <![CDATA[org.openqa.selenium.NoSuchElementException: no such element: Unable to locate element: {"method":"xpath","selector":"//button[contains(text(), 'APPLY')]"}
  (Session info: chrome=141.0.7390.123)
For documentation on this error, please visit: https://www.selenium.dev/documentation/webdriver/troubleshooting/errors#nosuchelementexception
Build info: version: '4.36.0', revision: '6d115cfd87'
System info: os.name: 'Windows 11', os.arch: 'amd64', os.version: '10.0', java.version: '21.0.8'
Driver info: org.openqa.selenium.chrome.ChromeDriver
Command: [48454f36bb71fd1b3813d3e5ad8cabc0, findElement {using=xpath, value=//button[contains(text(), 'APPLY')]}]
Capabilities {acceptInsecureCerts: false, browserName: chrome, browserVersion: 141.0.7390.123, chrome: {chromedriverVersion: 141.0.7390.122 (b477534e7e1..., userDataDir: C:\Users\amrit\AppData\Loca...}, fedcm:accounts: true, goog:chromeOptions: {debuggerAddress: localhost:55387}, networkConnectionEnabled: false, pageLoadStrategy: normal, platformName: windows, proxy: Proxy(), se:cdp: ws://localhost:55387/devtoo..., se:cdpVersion: 141.0.7390.123, setWindowRect: true, strictFileInteractability: false, timeouts: {implicit: 0, pageLoad: 300000, script: 30000}, unhandledPromptBehavior: dismiss and notify, webauthn:extension:credBlob: true, webauthn:extension:largeBlob: true, webauthn:extension:minPinLength: true, webauthn:extension:prf: true, webauthn:virtualAuthenticators: true}
Session ID: 48454f36bb71fd1b3813d3e5ad8cabc0
at java.base/jdk.internal.reflect.DirectConstructorHandleAccessor.newInstance(DirectConstructorHandleAccessor.java:62)
at java.base/java.lang.reflect.Constructor.newInstanceWithCaller(Constructor.java:502)
at java.base/java.lang.reflect.Constructor.newInstance(Constructor.java:486)
at org.openqa.selenium.remote.ErrorCodec.decode(ErrorCodec.java:167)
at org.openqa.selenium.remote.codec.w3c.W3CHttpResponseCodec.decode(W3CHttpResponseCodec.java:138)
at org.openqa.selenium.remote.codec.w3c.W3CHttpResponseCodec.decode(W3CHttpResponseCodec.java:50)
at org.openqa.selenium.remote.HttpCommandExecutor.execute(HttpCommandExecutor.java:215)
at org.openqa.selenium.remote.service.DriverCommandExecutor.invokeExecute(DriverCommandExecutor.java:216)
at org.openqa.selenium.remote.service.DriverCommandExecutor.execute(DriverCommandExecutor.java:174)
at org.openqa.selenium.remote.RemoteWebDriver.execute(RemoteWebDriver.java:557)
at org.openqa.selenium.remote.ElementLocation$ElementFinder$2.findElement(ElementLocation.java:165)
at org.openqa.selenium.remote.ElementLocation.findElement(ElementLocation.java:59)
at org.openqa.selenium.remote.RemoteWebDriver.findElement(RemoteWebDriver.java:380)
at org.openqa.selenium.remote.RemoteWebDriver.findElement(RemoteWebDriver.java:374)
at cart.Cart.calculateAmount(Cart.java:128)
at java.base/jdk.internal.reflect.DirectMethodHandleAccessor.invoke(DirectMethodHandleAccessor.java:103)
at java.base/java.lang.reflect.Method.invoke(Method.java:580)
at org.testng.internal.invokers.MethodInvocationHelper.invokeMethod(MethodInvocationHelper.java:141)
at org.testng.internal.invokers.TestInvoker.invokeMethod(TestInvoker.java:687)
at org.testng.internal.invokers.TestInvoker.invokeTestMethod(TestInvoker.java:230)
at org.testng.internal.invokers.MethodRunner.runInSequence(MethodRunner.java:63)
at org.testng.internal.invokers.TestInvoker$MethodInvocationAgent.invoke(TestInvoker.java:995)
at org.testng.internal.invokers.TestInvoker.invokeTestMethods(TestInvoker.java:203)
at org.testng.internal.invokers.TestMethodWorker.invokeTestMethods(TestMethodWorker.java:154)
at org.testng.internal.invokers.TestMethodWorker.run(TestMethodWorker.java:134)
at java.base/java.util.ArrayList.forEach(ArrayList.java:1596)
at org.testng.TestRunner.privateRun(TestRunner.java:741)
at org.testng.TestRunner.run(TestRunner.java:616)
at org.testng.SuiteRunner.runTest(SuiteRunner.java:421)
at org.testng.SuiteRunner.runSequentially(SuiteRunner.java:413)
at org.testng.SuiteRunner.privateRun(SuiteRunner.java:373)
at org.testng.SuiteRunner.run(SuiteRunner.java:312)
at org.testng.SuiteRunnerWorker.runSuite(SuiteRunnerWorker.java:52)
at org.testng.SuiteRunnerWorker.run(SuiteRunnerWorker.java:95)
at org.testng.TestNG.runSuitesSequentially(TestNG.java:1274)
at org.testng.TestNG.runSuitesLocally(TestNG.java:1208)
at org.testng.TestNG.runSuites(TestNG.java:1112)
at org.testng.TestNG.run(TestNG.java:1079)
at org.testng.remote.AbstractRemoteTestNG.run(AbstractRemoteTestNG.java:115)
at org.testng.remote.RemoteTestNG.initAndRun(RemoteTestNG.java:293)
at org.testng.remote.RemoteTestNG.main(RemoteTestNG.java:91)
]]>
            </full-stacktrace>
          </exception> <!-- org.openqa.selenium.NoSuchElementException -->
          <reporter-output>
          </reporter-output>
        </test-method> <!-- calculateAmount -->
        <test-method is-config="true" signature="tearDown()[pri:0, instance:cart.Cart@6025e1b6]" started-at="2025-10-30T10:40:23 IST" name="tearDown" finished-at="2025-10-30T10:40:23 IST" duration-ms="330" status="PASS">
          <reporter-output>
          </reporter-output>
        </test-method> <!-- tearDown -->
      </class> <!-- cart.Cart -->
    </test> <!-- ChromeTest -->
  </suite> <!-- Suite -->
</testng-results>
