<?xml version="1.0" encoding="UTF-8"?>
<!-- Generated by org.testng.reporters.JUnitXMLReporter -->
<testsuite ignored="0" hostname="AVJ" failures="0" tests="8" name="EdgeTest" time="15.265" errors="0" timestamp="2025-10-29T19:10:14 IST">
  <testcase classname="homepage.Homepage" name="openWebSite" time="4.011"/>
  <testcase classname="homepage.Homepage" name="productLink" time="2.285"/>
  <testcase classname="homepage.Homepage" name="blogLink" time="1.089"/>
  <testcase classname="homepage.Homepage" name="ourStoryLink" time="2.057"/>
  <testcase classname="homepage.Homepage" name="loginLink" time="1.218"/>
  <testcase classname="homepage.Homepage" name="myAccount" time="1.074"/>
  <testcase classname="homepage.Homepage" name="cart" time="0.814"/>
  <testcase classname="homepage.Homepage" name="viewAllProducts" time="0.464"/>
</testsuite> <!-- EdgeTest -->
