<?xml version="1.0" encoding="UTF-8"?>
<!-- Generated by org.testng.reporters.JUnitXMLReporter -->
<testsuite ignored="0" hostname="AVJ" failures="0" tests="8" name="FirefoxTest" time="21.847" errors="0" timestamp="2025-10-29T19:09:58 IST">
  <testcase classname="homepage.Homepage" name="openWebSite" time="3.353"/>
  <testcase classname="homepage.Homepage" name="productLink" time="3.141"/>
  <testcase classname="homepage.Homepage" name="blogLink" time="0.929"/>
  <testcase classname="homepage.Homepage" name="ourStoryLink" time="3.174"/>
  <testcase classname="homepage.Homepage" name="loginLink" time="1.197"/>
  <testcase classname="homepage.Homepage" name="myAccount" time="0.927"/>
  <testcase classname="homepage.Homepage" name="cart" time="0.862"/>
  <testcase classname="homepage.Homepage" name="viewAllProducts" time="0.444"/>
</testsuite> <!-- FirefoxTest -->
