<?xml version="1.0" encoding="UTF-8"?>
<!-- Generated by org.testng.reporters.JUnitXMLReporter -->
<testsuite ignored="0" hostname="AVJ" failures="0" tests="7" name="Test1" time="22.378" errors="0" timestamp="2025-10-29T13:33:31 IST">
  <testcase classname="homepage.Homepage" name="openWebSite" time="3.363"/>
  <testcase classname="homepage.Homepage" name="productLink" time="3.357"/>
  <testcase classname="homepage.Homepage" name="blogLink" time="1.061"/>
  <testcase classname="homepage.Homepage" name="ourStoryLink" time="4.193"/>
  <testcase classname="homepage.Homepage" name="loginLink" time="1.171"/>
  <testcase classname="homepage.Homepage" name="myAccount" time="0.939"/>
  <testcase classname="homepage.Homepage" name="cart" time="0.748"/>
</testsuite> <!-- Test1 -->
