<?xml version="1.0" encoding="UTF-8"?>
<!-- Generated by org.testng.reporters.JUnitXMLReporter -->
<testsuite ignored="0" hostname="AVJ" failures="0" tests="7" name="Test" time="20.035" errors="0" timestamp="2025-10-29T13:39:58 IST">
  <testcase classname="homepage.Homepage" name="openWebSite" time="3.92"/>
  <testcase classname="homepage.Homepage" name="productLink" time="2.08"/>
  <testcase classname="homepage.Homepage" name="blogLink" time="1.022"/>
  <testcase classname="homepage.Homepage" name="ourStoryLink" time="2.698"/>
  <testcase classname="homepage.Homepage" name="loginLink" time="1.2"/>
  <testcase classname="homepage.Homepage" name="myAccount" time="1.115"/>
  <testcase classname="homepage.Homepage" name="cart" time="0.872"/>
</testsuite> <!-- Test -->
