<?xml version="1.0" encoding="UTF-8"?>
<!-- Generated by org.testng.reporters.JUnitXMLReporter -->
<testsuite ignored="0" hostname="AVJ" failures="0" tests="12" name="Default test" time="0.132" errors="0" timestamp="2025-10-30T10:39:50 IST">
  <testcase classname="cart.Cart" name="@BeforeTest setupBrowser" time="-1.761800990288E9">
    <failure type="org.testng.TestNGException" message="
Parameter &amp;apos;browser&amp;apos; is required by BeforeTest on method setupBrowser but has not been marked @Optional or defined
in C:\Users\amrit\AppData\Local\Temp\testng-eclipse-191062412\testng-customsuite.xml">
      <![CDATA[org.testng.TestNGException: 
Parameter 'browser' is required by BeforeTest on method setupBrowser but has not been marked @Optional or defined
in C:\Users\amrit\AppData\Local\Temp\testng-eclipse-191062412\testng-customsuite.xml
at org.testng.internal.Parameters.createParams(Parameters.java:264)
at org.testng.internal.Parameters.createParametersForMethod(Parameters.java:352)
at org.testng.internal.Parameters.createParameters(Parameters.java:690)
at org.testng.internal.Parameters.createConfigurationParameters(Parameters.java:163)
at org.testng.internal.invokers.ConfigInvoker.invokeConfigurations(ConfigInvoker.java:313)
at org.testng.TestRunner.invokeTestConfigurations(TestRunner.java:657)
at org.testng.TestRunner.beforeRun(TestRunner.java:646)
at org.testng.TestRunner.run(TestRunner.java:612)
at org.testng.SuiteRunner.runTest(SuiteRunner.java:421)
at org.testng.SuiteRunner.runSequentially(SuiteRunner.java:413)
at org.testng.SuiteRunner.privateRun(SuiteRunner.java:373)
at org.testng.SuiteRunner.run(SuiteRunner.java:312)
at org.testng.SuiteRunnerWorker.runSuite(SuiteRunnerWorker.java:52)
at org.testng.SuiteRunnerWorker.run(SuiteRunnerWorker.java:95)
at org.testng.TestNG.runSuitesSequentially(TestNG.java:1274)
at org.testng.TestNG.runSuitesLocally(TestNG.java:1208)
at org.testng.TestNG.runSuites(TestNG.java:1112)
at org.testng.TestNG.run(TestNG.java:1079)
at org.testng.remote.AbstractRemoteTestNG.run(AbstractRemoteTestNG.java:115)
at org.testng.remote.RemoteTestNG.initAndRun(RemoteTestNG.java:293)
at org.testng.remote.RemoteTestNG.main(RemoteTestNG.java:91)
]]>
    </failure>
  </testcase> <!-- @BeforeTest setupBrowser -->
  <testcase classname="cart.Cart" name="@AfterTest tearDown" time="0.0">
    <skipped/>
  </testcase> <!-- @AfterTest tearDown -->
  <testcase classname="cart.Cart" name="login" time="0.0">
    <skipped/>
  </testcase> <!-- login -->
  <testcase classname="cart.Cart" name="listProducts" time="0.0">
    <skipped/>
  </testcase> <!-- listProducts -->
  <testcase classname="cart.Cart" name="searchProduct" time="0.0">
    <skipped/>
  </testcase> <!-- searchProduct -->
  <testcase classname="cart.Cart" name="viewProduct" time="0.0">
    <skipped/>
  </testcase> <!-- viewProduct -->
  <testcase classname="cart.Cart" name="stockCheck" time="0.0">
    <skipped/>
  </testcase> <!-- stockCheck -->
  <testcase classname="cart.Cart" name="addToCart" time="0.0">
    <skipped/>
  </testcase> <!-- addToCart -->
  <testcase classname="cart.Cart" name="viewCartDetails" time="0.0">
    <skipped/>
  </testcase> <!-- viewCartDetails -->
  <testcase classname="cart.Cart" name="validAddCoupon" time="0.0">
    <skipped/>
  </testcase> <!-- validAddCoupon -->
  <testcase classname="cart.Cart" name="removeValidCoupon" time="0.0">
    <skipped/>
  </testcase> <!-- removeValidCoupon -->
  <testcase classname="cart.Cart" name="invalidCoupon" time="0.0">
    <skipped/>
  </testcase> <!-- invalidCoupon -->
  <testcase classname="cart.Cart" name="placeOrder" time="0.0">
    <skipped/>
  </testcase> <!-- placeOrder -->
  <testcase classname="cart.Cart" name="calculateAmount" time="0.0">
    <skipped/>
  </testcase> <!-- calculateAmount -->
</testsuite> <!-- Default test -->
