<?xml version="1.0" encoding="UTF-8"?>
<!-- Generated by org.testng.reporters.JUnitReportReporter -->
<testsuite hostname="AVJ" failures="0" tests="11" name="cart.Carts" time="14.459" errors="0" timestamp="2025-10-27T18:14:48 IST" skipped="0">
  <testcase classname="cart.Carts" name="login" time="8.453"/>
  <testcase classname="cart.Carts" name="listProducts" time="2.751"/>
  <testcase classname="cart.Carts" name="searchProduct" time="0.283"/>
  <testcase classname="cart.Carts" name="viewProduct" time="0.445"/>
  <testcase classname="cart.Carts" name="stockCheck" time="0.323"/>
  <testcase classname="cart.Carts" name="addToCart" time="0.613"/>
  <testcase classname="cart.Carts" name="viewCartDetails" time="0.516"/>
  <testcase classname="cart.Carts" name="validAddCoupon" time="0.483"/>
  <testcase classname="cart.Carts" name="removeValidCoupon" time="0.498"/>
  <testcase classname="cart.Carts" name="invalidCoupon" time="0.054"/>
  <testcase classname="cart.Carts" name="placeOrder" time="0.040"/>
</testsuite> <!-- cart.Carts -->
