<?xml version="1.0" encoding="UTF-8"?>
<!-- Generated by org.testng.reporters.JUnitReportReporter -->
<testsuite hostname="AVJ" failures="0" tests="3" name="ourStory.OurStory" time="12.692" errors="0" timestamp="2025-10-29T18:56:29 IST" skipped="0">
  <testcase classname="ourStory.OurStory" name="ourStory" time="4.498"/>
  <testcase classname="ourStory.OurStory" name="ourStory" time="4.035"/>
  <testcase classname="ourStory.OurStory" name="ourStory" time="4.159"/>
</testsuite> <!-- ourStory.OurStory -->
