<?xml version="1.0" encoding="UTF-8"?>
<!-- Generated by org.testng.reporters.JUnitReportReporter -->
<testsuite hostname="AVJ" failures="0" tests="9" name="blog.Blog" time="10.866" errors="0" timestamp="2025-10-29T18:56:29 IST" skipped="0">
  <testcase classname="blog.Blog" name="blog" time="2.248"/>
  <testcase classname="blog.Blog" name="blog" time="2.464"/>
  <testcase classname="blog.Blog" name="blog" time="2.309"/>
  <testcase classname="blog.Blog" name="viewPost" time="1.101"/>
  <testcase classname="blog.Blog" name="viewPost" time="0.771"/>
  <testcase classname="blog.Blog" name="viewPost" time="1.170"/>
  <testcase classname="blog.Blog" name="search" time="0.154"/>
  <testcase classname="blog.Blog" name="search" time="0.349"/>
  <testcase classname="blog.Blog" name="search" time="0.300"/>
</testsuite> <!-- blog.Blog -->
