<?xml version="1.0" encoding="UTF-8"?>
<!-- Generated by org.testng.reporters.JUnitReportReporter -->
<testsuite hostname="AVJ" failures="0" tests="6" name="login.Logout" time="17.253" errors="0" timestamp="2025-10-29T18:56:29 IST" skipped="0">
  <testcase classname="login.Logout" name="login" time="2.081"/>
  <testcase classname="login.Logout" name="login" time="3.302"/>
  <testcase classname="login.Logout" name="login" time="0.990"/>
  <testcase classname="login.Logout" name="logout" time="3.659"/>
  <testcase classname="login.Logout" name="logout" time="2.211"/>
  <testcase classname="login.Logout" name="logout" time="5.010"/>
</testsuite> <!-- login.Logout -->
