<?xml version="1.0" encoding="UTF-8"?>
<!-- Generated by org.testng.reporters.JUnitReportReporter -->
<testsuite hostname="AVJ" failures="0" tests="24" name="login.Login" time="330.438" errors="0" timestamp="2025-10-29T18:56:29 IST" skipped="0">
  <testcase classname="login.Login" name="openWebSite" time="9.018"/>
  <testcase classname="login.Login" name="openWebSite" time="5.805"/>
  <testcase classname="login.Login" name="openWebSite" time="23.934"/>
  <testcase classname="login.Login" name="login" time="19.637"/>
  <testcase classname="login.Login" name="login" time="11.171"/>
  <testcase classname="login.Login" name="login" time="20.452"/>
  <testcase classname="login.Login" name="login" time="10.254"/>
  <testcase classname="login.Login" name="login" time="20.097"/>
  <testcase classname="login.Login" name="login" time="12.124"/>
  <testcase classname="login.Login" name="login" time="10.366"/>
  <testcase classname="login.Login" name="login" time="10.938"/>
  <testcase classname="login.Login" name="login" time="11.178"/>
  <testcase classname="login.Login" name="login" time="7.836"/>
  <testcase classname="login.Login" name="login" time="12.370"/>
  <testcase classname="login.Login" name="login" time="8.672"/>
  <testcase classname="login.Login" name="login" time="9.300"/>
  <testcase classname="login.Login" name="login" time="11.378"/>
  <testcase classname="login.Login" name="login" time="16.468"/>
  <testcase classname="login.Login" name="login" time="9.641"/>
  <testcase classname="login.Login" name="login" time="11.579"/>
  <testcase classname="login.Login" name="login" time="16.972"/>
  <testcase classname="login.Login" name="login" time="23.600"/>
  <testcase classname="login.Login" name="login" time="19.693"/>
  <testcase classname="login.Login" name="login" time="17.955"/>
</testsuite> <!-- login.Login -->
