<?xml version="1.0" encoding="UTF-8"?>
<!-- Generated by org.testng.reporters.JUnitReportReporter -->
<testsuite hostname="AVJ" failures="0" tests="6" name="footer.Footer" time="31.040" errors="0" timestamp="2025-10-29T18:56:29 IST" skipped="0">
  <testcase classname="footer.Footer" name="subscription" time="0.654"/>
  <testcase classname="footer.Footer" name="footerLinks" time="9.934"/>
  <testcase classname="footer.Footer" name="footerLinks" time="9.247"/>
  <testcase classname="footer.Footer" name="footerLinks" time="8.848"/>
  <testcase classname="footer.Footer" name="subscription" time="0.714"/>
  <testcase classname="footer.Footer" name="subscription" time="1.643"/>
</testsuite> <!-- footer.Footer -->
