<?xml version="1.0" encoding="UTF-8"?>
<!-- Generated by org.testng.reporters.JUnitReportReporter -->
<testsuite hostname="AVJ" failures="0" tests="24" name="homepage.Homepage" time="44.866" errors="0" timestamp="2025-10-29T19:10:14 IST" skipped="0">
  <testcase classname="homepage.Homepage" name="openWebSite" time="3.767"/>
  <testcase classname="homepage.Homepage" name="openWebSite" time="4.011"/>
  <testcase classname="homepage.Homepage" name="openWebSite" time="3.353"/>
  <testcase classname="homepage.Homepage" name="productLink" time="3.141"/>
  <testcase classname="homepage.Homepage" name="productLink" time="3.532"/>
  <testcase classname="homepage.Homepage" name="productLink" time="2.285"/>
  <testcase classname="homepage.Homepage" name="blogLink" time="2.462"/>
  <testcase classname="homepage.Homepage" name="blogLink" time="0.929"/>
  <testcase classname="homepage.Homepage" name="blogLink" time="1.089"/>
  <testcase classname="homepage.Homepage" name="ourStoryLink" time="3.174"/>
  <testcase classname="homepage.Homepage" name="ourStoryLink" time="4.846"/>
  <testcase classname="homepage.Homepage" name="ourStoryLink" time="2.057"/>
  <testcase classname="homepage.Homepage" name="loginLink" time="1.119"/>
  <testcase classname="homepage.Homepage" name="loginLink" time="1.197"/>
  <testcase classname="homepage.Homepage" name="loginLink" time="1.218"/>
  <testcase classname="homepage.Homepage" name="myAccount" time="0.948"/>
  <testcase classname="homepage.Homepage" name="myAccount" time="0.927"/>
  <testcase classname="homepage.Homepage" name="myAccount" time="1.074"/>
  <testcase classname="homepage.Homepage" name="cart" time="0.760"/>
  <testcase classname="homepage.Homepage" name="cart" time="0.814"/>
  <testcase classname="homepage.Homepage" name="cart" time="0.862"/>
  <testcase classname="homepage.Homepage" name="viewAllProducts" time="0.393"/>
  <testcase classname="homepage.Homepage" name="viewAllProducts" time="0.444"/>
  <testcase classname="homepage.Homepage" name="viewAllProducts" time="0.464"/>
</testsuite> <!-- homepage.Homepage -->
