<?xml version="1.0" encoding="UTF-8"?>
<!-- Generated by org.testng.reporters.JUnitReportReporter -->
<testsuite hostname="AVJ" failures="0" tests="33" name="products.Products" time="23.770" errors="0" timestamp="2025-10-29T18:56:29 IST" skipped="0">
  <testcase classname="products.Products" name="allcatalog" time="0.925"/>
  <testcase classname="products.Products" name="allcatalog" time="1.123"/>
  <testcase classname="products.Products" name="allcatalog" time="0.827"/>
  <testcase classname="products.Products" name="accessories" time="0.439"/>
  <testcase classname="products.Products" name="accessories" time="0.817"/>
  <testcase classname="products.Products" name="accessories" time="0.450"/>
  <testcase classname="products.Products" name="accompaniments" time="0.543"/>
  <testcase classname="products.Products" name="accompaniments" time="0.977"/>
  <testcase classname="products.Products" name="accompaniments" time="0.449"/>
  <testcase classname="products.Products" name="books" time="0.454"/>
  <testcase classname="products.Products" name="books" time="0.559"/>
  <testcase classname="products.Products" name="books" time="0.408"/>
  <testcase classname="products.Products" name="gin" time="0.701"/>
  <testcase classname="products.Products" name="gin" time="0.686"/>
  <testcase classname="products.Products" name="gin" time="0.549"/>
  <testcase classname="products.Products" name="juice" time="0.682"/>
  <testcase classname="products.Products" name="juice" time="0.776"/>
  <testcase classname="products.Products" name="juice" time="0.770"/>
  <testcase classname="products.Products" name="productSearch" time="1.117"/>
  <testcase classname="products.Products" name="productSearch" time="0.625"/>
  <testcase classname="products.Products" name="productSearch" time="0.737"/>
  <testcase classname="products.Products" name="viewDetails" time="0.736"/>
  <testcase classname="products.Products" name="viewDetails" time="1.597"/>
  <testcase classname="products.Products" name="viewDetails" time="0.575"/>
  <testcase classname="products.Products" name="checkStock" time="0.303"/>
  <testcase classname="products.Products" name="checkStock" time="0.400"/>
  <testcase classname="products.Products" name="checkStock" time="0.297"/>
  <testcase classname="products.Products" name="addToCart" time="0.880"/>
  <testcase classname="products.Products" name="addToCart" time="1.227"/>
  <testcase classname="products.Products" name="addToCart" time="0.867"/>
  <testcase classname="products.Products" name="viewCartButton" time="0.858"/>
  <testcase classname="products.Products" name="viewCartButton" time="0.684"/>
  <testcase classname="products.Products" name="viewCartButton" time="0.732"/>
</testsuite> <!-- products.Products -->
